This file contains any messages produced by compilers while
running configure, to aid debugging if configure makes a mistake.

It was created by elips configure 1.0.11, which was
generated by GNU Autoconf 2.69.  Invocation command line was

  $ ./configure 

## --------- ##
## Platform. ##
## --------- ##

hostname = DESKTOP-3BB5V5M
uname -m = x86_64
uname -r = 4.4.0-18362-Microsoft
uname -s = Linux
uname -v = #476-Microsoft Fri Nov 01 16:53:00 PST 2019

/usr/bin/uname -p = unknown
/bin/uname -X     = unknown

/bin/arch              = unknown
/usr/bin/arch -k       = unknown
/usr/convex/getsysinfo = unknown
/usr/bin/hostinfo      = unknown
/bin/machine           = unknown
/usr/bin/oslevel       = unknown
/bin/universe          = unknown

PATH: /usr/local/bin
PATH: /usr/local/sbin
PATH: /usr/sbin
PATH: /usr/bin
PATH: /sbin
PATH: /bin
PATH: /usr/games
PATH: /usr/local/games
PATH: /mnt/c/Users/daichi hattori/cmder_mini/vendor/conemu-maximus5/ConEmu/Scripts
PATH: /mnt/c/Users/daichi hattori/cmder_mini/vendor/conemu-maximus5
PATH: /mnt/c/Users/daichi hattori/cmder_mini/vendor/conemu-maximus5/ConEmu
PATH: /mnt/c/MinGW/bin
PATH: /mnt/c/WINDOWS/System32/Wbem
PATH: /mnt/c/WINDOWS/System32/WindowsPowerShell/v1.0/
PATH: /mnt/c/WINDOWS/System32/OpenSSH/
PATH: /mnt/c/WINDOWS/system32
PATH: /mnt/c/WINDOWS
PATH: /mnt/c/texlive/2019/bin/win32
PATH: /mnt/c/Users/daichi hattori/scoop/shims
PATH: /mnt/c/Users/daichi hattori/AppData/Local/Programs/Python/Python37/Scripts/
PATH: /mnt/c/Users/daichi hattori/AppData/Local/Programs/Python/Python37/
PATH: /mnt/c/Users/daichi hattori/AppData/Local/Microsoft/WindowsApps
PATH: /mnt/c/Users/daichi hattori/AppData/Local/atom/bin
PATH: /mnt/c/Users/daichi hattori/AppData/Local/Programs/Microsoft VS Code/bin
PATH: /mnt/c/Users/daichi hattori/AppData/Local/GitHubDesktop/bin
PATH: /%USERPROFILE%/AppData/Local/Microsoft/WindowsApps


## ----------- ##
## Core tests. ##
## ----------- ##

configure:2629: WARNING: Libtool does not cope well with whitespace in `pwd`
configure:2656: checking build system type
configure:2670: result: x86_64-pc-linux-gnu
configure:2690: checking host system type
configure:2703: result: x86_64-pc-linux-gnu
configure:2744: checking how to print strings
configure:2771: result: printf
configure:2843: checking for gcc
configure:2859: found /usr/bin/gcc
configure:2870: result: gcc
configure:3099: checking for C compiler version
configure:3108: gcc --version >&5
gcc (Ubuntu 7.4.0-1ubuntu1~18.04.1) 7.4.0
Copyright (C) 2017 Free Software Foundation, Inc.
This is free software; see the source for copying conditions.  There is NO
warranty; not even for MERCHANTABILITY or FITNESS FOR A PARTICULAR PURPOSE.

configure:3119: $? = 0
configure:3108: gcc -v >&5
Using built-in specs.
COLLECT_GCC=gcc
COLLECT_LTO_WRAPPER=/usr/lib/gcc/x86_64-linux-gnu/7/lto-wrapper
OFFLOAD_TARGET_NAMES=nvptx-none
OFFLOAD_TARGET_DEFAULT=1
Target: x86_64-linux-gnu
Configured with: ../src/configure -v --with-pkgversion='Ubuntu 7.4.0-1ubuntu1~18.04.1' --with-bugurl=file:///usr/share/doc/gcc-7/README.Bugs --enable-languages=c,ada,c++,go,brig,d,fortran,objc,obj-c++ --prefix=/usr --with-gcc-major-version-only --program-suffix=-7 --program-prefix=x86_64-linux-gnu- --enable-shared --enable-linker-build-id --libexecdir=/usr/lib --without-included-gettext --enable-threads=posix --libdir=/usr/lib --enable-nls --with-sysroot=/ --enable-clocale=gnu --enable-libstdcxx-debug --enable-libstdcxx-time=yes --with-default-libstdcxx-abi=new --enable-gnu-unique-object --disable-vtable-verify --enable-libmpx --enable-plugin --enable-default-pie --with-system-zlib --with-target-system-zlib --enable-objc-gc=auto --enable-multiarch --disable-werror --with-arch-32=i686 --with-abi=m64 --with-multilib-list=m32,m64,mx32 --enable-multilib --with-tune=generic --enable-offload-targets=nvptx-none --without-cuda-driver --enable-checking=release --build=x86_64-linux-gnu --host=x86_64-linux-gnu --target=x86_64-linux-gnu
Thread model: posix
gcc version 7.4.0 (Ubuntu 7.4.0-1ubuntu1~18.04.1) 
configure:3119: $? = 0
configure:3108: gcc -V >&5
gcc: error: unrecognized command line option '-V'
gcc: fatal error: no input files
compilation terminated.
configure:3119: $? = 1
configure:3108: gcc -qversion >&5
gcc: error: unrecognized command line option '-qversion'; did you mean '--version'?
gcc: fatal error: no input files
compilation terminated.
configure:3119: $? = 1
configure:3139: checking whether the C compiler works
configure:3161: gcc    conftest.c  >&5
configure:3165: $? = 0
configure:3213: result: yes
configure:3216: checking for C compiler default output file name
configure:3218: result: a.out
configure:3224: checking for suffix of executables
configure:3231: gcc -o conftest    conftest.c  >&5
configure:3235: $? = 0
configure:3257: result: 
configure:3279: checking whether we are cross compiling
configure:3287: gcc -o conftest    conftest.c  >&5
configure:3291: $? = 0
configure:3298: ./conftest
configure:3302: $? = 0
configure:3317: result: no
configure:3322: checking for suffix of object files
configure:3344: gcc -c   conftest.c >&5
configure:3348: $? = 0
configure:3369: result: o
configure:3373: checking whether we are using the GNU C compiler
configure:3392: gcc -c   conftest.c >&5
configure:3392: $? = 0
configure:3401: result: yes
configure:3410: checking whether gcc accepts -g
configure:3430: gcc -c -g  conftest.c >&5
configure:3430: $? = 0
configure:3471: result: yes
configure:3488: checking for gcc option to accept ISO C89
configure:3551: gcc  -c -g -O2  conftest.c >&5
configure:3551: $? = 0
configure:3564: result: none needed
configure:3589: checking whether gcc understands -c and -o together
configure:3611: gcc -c conftest.c -o conftest2.o
configure:3614: $? = 0
configure:3611: gcc -c conftest.c -o conftest2.o
configure:3614: $? = 0
configure:3626: result: yes
configure:3643: checking for a sed that does not truncate output
configure:3707: result: /bin/sed
configure:3725: checking for grep that handles long lines and -e
configure:3783: result: /bin/grep
configure:3788: checking for egrep
configure:3850: result: /bin/grep -E
configure:3855: checking for fgrep
configure:3917: result: /bin/grep -F
configure:3952: checking for ld used by gcc
configure:4019: result: /usr/bin/ld
configure:4026: checking if the linker (/usr/bin/ld) is GNU ld
configure:4041: result: yes
configure:4053: checking for BSD- or MS-compatible name lister (nm)
configure:4107: result: /usr/bin/nm -B
configure:4237: checking the name lister (/usr/bin/nm -B) interface
configure:4244: gcc -c -g -O2  conftest.c >&5
configure:4247: /usr/bin/nm -B "conftest.o"
configure:4250: output
0000000000000000 B some_variable
configure:4257: result: BSD nm
configure:4260: checking whether ln -s works
configure:4264: result: yes
configure:4272: checking the maximum length of command line arguments
configure:4403: result: 1572864
configure:4451: checking how to convert x86_64-pc-linux-gnu file names to x86_64-pc-linux-gnu format
configure:4491: result: func_convert_file_noop
configure:4498: checking how to convert x86_64-pc-linux-gnu file names to toolchain format
configure:4518: result: func_convert_file_noop
configure:4525: checking for /usr/bin/ld option to reload object files
configure:4532: result: -r
configure:4606: checking for objdump
configure:4622: found /usr/bin/objdump
configure:4633: result: objdump
configure:4665: checking how to recognize dependent libraries
configure:4865: result: pass_all
configure:4950: checking for dlltool
configure:4980: result: no
configure:5010: checking how to associate runtime and link libraries
configure:5037: result: printf %s\n
configure:5098: checking for ar
configure:5114: found /usr/bin/ar
configure:5125: result: ar
configure:5162: checking for archiver @FILE support
configure:5179: gcc -c -g -O2  conftest.c >&5
configure:5179: $? = 0
configure:5182: ar cru libconftest.a @conftest.lst >&5
ar: `u' modifier ignored since `D' is the default (see `U')
configure:5185: $? = 0
configure:5190: ar cru libconftest.a @conftest.lst >&5
ar: `u' modifier ignored since `D' is the default (see `U')
ar: conftest.o: No such file or directory
configure:5193: $? = 1
configure:5205: result: @
configure:5263: checking for strip
configure:5279: found /usr/bin/strip
configure:5290: result: strip
configure:5362: checking for ranlib
configure:5378: found /usr/bin/ranlib
configure:5389: result: ranlib
configure:5466: checking for gawk
configure:5482: found /usr/bin/gawk
configure:5493: result: gawk
configure:5533: checking command to parse /usr/bin/nm -B output from gcc object
configure:5686: gcc -c -g -O2  conftest.c >&5
configure:5689: $? = 0
configure:5693: /usr/bin/nm -B conftest.o \| sed -n -e 's/^.*[ ]\([ABCDGIRSTW][ABCDGIRSTW]*\)[ ][ ]*\([_A-Za-z][_A-Za-z0-9]*\)$/\1 \2 \2/p' | sed '/ __gnu_lto/d' \> conftest.nm
configure:5696: $? = 0
configure:5762: gcc -o conftest -g -O2   conftest.c conftstm.o >&5
configure:5765: $? = 0
configure:5803: result: ok
configure:5850: checking for sysroot
configure:5880: result: no
configure:5887: checking for a working dd
configure:5925: result: /bin/dd
configure:5929: checking how to truncate binary pipes
configure:5944: result: /bin/dd bs=4096 count=1
configure:6080: gcc -c -g -O2  conftest.c >&5
configure:6083: $? = 0
configure:6273: checking for mt
configure:6289: found /bin/mt
configure:6300: result: mt
configure:6323: checking if mt is a manifest tool
configure:6329: mt '-?'
configure:6337: result: no
configure:7014: checking how to run the C preprocessor
configure:7045: gcc -E  conftest.c
configure:7045: $? = 0
configure:7059: gcc -E  conftest.c
conftest.c:9:10: fatal error: ac_nonexistent.h: No such file or directory
 #include <ac_nonexistent.h>
          ^~~~~~~~~~~~~~~~~~
compilation terminated.
configure:7059: $? = 1
configure: failed program was:
| /* confdefs.h */
| #define PACKAGE_NAME "elips"
| #define PACKAGE_TARNAME "elips"
| #define PACKAGE_VERSION "1.0.11"
| #define PACKAGE_STRING "elips 1.0.11"
| #define PACKAGE_BUGREPORT ""
| #define PACKAGE_URL ""
| /* end confdefs.h.  */
| #include <ac_nonexistent.h>
configure:7084: result: gcc -E
configure:7104: gcc -E  conftest.c
configure:7104: $? = 0
configure:7118: gcc -E  conftest.c
conftest.c:9:10: fatal error: ac_nonexistent.h: No such file or directory
 #include <ac_nonexistent.h>
          ^~~~~~~~~~~~~~~~~~
compilation terminated.
configure:7118: $? = 1
configure: failed program was:
| /* confdefs.h */
| #define PACKAGE_NAME "elips"
| #define PACKAGE_TARNAME "elips"
| #define PACKAGE_VERSION "1.0.11"
| #define PACKAGE_STRING "elips 1.0.11"
| #define PACKAGE_BUGREPORT ""
| #define PACKAGE_URL ""
| /* end confdefs.h.  */
| #include <ac_nonexistent.h>
configure:7147: checking for ANSI C header files
configure:7167: gcc -c -g -O2  conftest.c >&5
configure:7167: $? = 0
configure:7240: gcc -o conftest -g -O2   conftest.c  >&5
configure:7240: $? = 0
configure:7240: ./conftest
configure:7240: $? = 0
configure:7251: result: yes
configure:7264: checking for sys/types.h
configure:7264: gcc -c -g -O2  conftest.c >&5
configure:7264: $? = 0
configure:7264: result: yes
configure:7264: checking for sys/stat.h
configure:7264: gcc -c -g -O2  conftest.c >&5
configure:7264: $? = 0
configure:7264: result: yes
configure:7264: checking for stdlib.h
configure:7264: gcc -c -g -O2  conftest.c >&5
configure:7264: $? = 0
configure:7264: result: yes
configure:7264: checking for string.h
configure:7264: gcc -c -g -O2  conftest.c >&5
configure:7264: $? = 0
configure:7264: result: yes
configure:7264: checking for memory.h
configure:7264: gcc -c -g -O2  conftest.c >&5
configure:7264: $? = 0
configure:7264: result: yes
configure:7264: checking for strings.h
configure:7264: gcc -c -g -O2  conftest.c >&5
configure:7264: $? = 0
configure:7264: result: yes
configure:7264: checking for inttypes.h
configure:7264: gcc -c -g -O2  conftest.c >&5
configure:7264: $? = 0
configure:7264: result: yes
configure:7264: checking for stdint.h
configure:7264: gcc -c -g -O2  conftest.c >&5
configure:7264: $? = 0
configure:7264: result: yes
configure:7264: checking for unistd.h
configure:7264: gcc -c -g -O2  conftest.c >&5
configure:7264: $? = 0
configure:7264: result: yes
configure:7278: checking for dlfcn.h
configure:7278: gcc -c -g -O2  conftest.c >&5
configure:7278: $? = 0
configure:7278: result: yes
configure:7534: checking for objdir
configure:7549: result: .libs
configure:7813: checking if gcc supports -fno-rtti -fno-exceptions
configure:7831: gcc -c -g -O2  -fno-rtti -fno-exceptions conftest.c >&5
cc1: warning: command line option '-fno-rtti' is valid for C++/ObjC++ but not for C
configure:7835: $? = 0
configure:7848: result: no
configure:8206: checking for gcc option to produce PIC
configure:8213: result: -fPIC -DPIC
configure:8221: checking if gcc PIC flag -fPIC -DPIC works
configure:8239: gcc -c -g -O2  -fPIC -DPIC -DPIC conftest.c >&5
configure:8243: $? = 0
configure:8256: result: yes
configure:8285: checking if gcc static flag -static works
configure:8313: result: yes
configure:8328: checking if gcc supports -c -o file.o
configure:8349: gcc -c -g -O2  -o out/conftest2.o conftest.c >&5
configure:8353: $? = 0
configure:8375: result: yes
configure:8383: checking if gcc supports -c -o file.o
configure:8430: result: yes
configure:8463: checking whether the gcc linker (/usr/bin/ld -m elf_x86_64) supports shared libraries
configure:9726: result: yes
configure:9763: checking whether -lc should be explicitly linked in
configure:9771: gcc -c -g -O2  conftest.c >&5
configure:9774: $? = 0
configure:9789: gcc -shared  -fPIC -DPIC conftest.o  -v -Wl,-soname -Wl,conftest -o conftest 2\>\&1 \| /bin/grep  -lc  \>/dev/null 2\>\&1
configure:9792: $? = 0
configure:9806: result: no
configure:9966: checking dynamic linker characteristics
configure:10547: gcc -o conftest -g -O2   -Wl,-rpath -Wl,/foo conftest.c  >&5
configure:10547: $? = 0
configure:10796: result: GNU/Linux ld.so
configure:10918: checking how to hardcode library paths into programs
configure:10943: result: immediate
configure:11491: checking whether stripping libraries is possible
configure:11496: result: yes
configure:11531: checking if libtool supports shared libraries
configure:11533: result: yes
configure:11536: checking whether to build shared libraries
configure:11561: result: yes
configure:11564: checking whether to build static libraries
configure:11568: result: yes
configure:11623: checking for a BSD-compatible install
configure:11691: result: /usr/bin/install -c
configure:11702: checking whether build environment is sane
configure:11757: result: yes
configure:11905: checking for a thread-safe mkdir -p
configure:11944: result: /bin/mkdir -p
configure:11947: checking whether make sets $(MAKE)
configure:11969: result: yes
configure:11999: checking for style of include used by make
configure:12027: result: GNU
configure:12061: checking whether make supports nested variables
configure:12078: result: yes
configure:12163: checking dependency style of gcc
configure:12274: result: gcc3
configure:12392: checking for g++
configure:12408: found /usr/bin/g++
configure:12419: result: g++
configure:12446: checking for C++ compiler version
configure:12455: g++ --version >&5
g++ (Ubuntu 7.4.0-1ubuntu1~18.04.1) 7.4.0
Copyright (C) 2017 Free Software Foundation, Inc.
This is free software; see the source for copying conditions.  There is NO
warranty; not even for MERCHANTABILITY or FITNESS FOR A PARTICULAR PURPOSE.

configure:12466: $? = 0
configure:12455: g++ -v >&5
Using built-in specs.
COLLECT_GCC=g++
COLLECT_LTO_WRAPPER=/usr/lib/gcc/x86_64-linux-gnu/7/lto-wrapper
OFFLOAD_TARGET_NAMES=nvptx-none
OFFLOAD_TARGET_DEFAULT=1
Target: x86_64-linux-gnu
Configured with: ../src/configure -v --with-pkgversion='Ubuntu 7.4.0-1ubuntu1~18.04.1' --with-bugurl=file:///usr/share/doc/gcc-7/README.Bugs --enable-languages=c,ada,c++,go,brig,d,fortran,objc,obj-c++ --prefix=/usr --with-gcc-major-version-only --program-suffix=-7 --program-prefix=x86_64-linux-gnu- --enable-shared --enable-linker-build-id --libexecdir=/usr/lib --without-included-gettext --enable-threads=posix --libdir=/usr/lib --enable-nls --with-sysroot=/ --enable-clocale=gnu --enable-libstdcxx-debug --enable-libstdcxx-time=yes --with-default-libstdcxx-abi=new --enable-gnu-unique-object --disable-vtable-verify --enable-libmpx --enable-plugin --enable-default-pie --with-system-zlib --with-target-system-zlib --enable-objc-gc=auto --enable-multiarch --disable-werror --with-arch-32=i686 --with-abi=m64 --with-multilib-list=m32,m64,mx32 --enable-multilib --with-tune=generic --enable-offload-targets=nvptx-none --without-cuda-driver --enable-checking=release --build=x86_64-linux-gnu --host=x86_64-linux-gnu --target=x86_64-linux-gnu
Thread model: posix
gcc version 7.4.0 (Ubuntu 7.4.0-1ubuntu1~18.04.1) 
configure:12466: $? = 0
configure:12455: g++ -V >&5
g++: error: unrecognized command line option '-V'
g++: fatal error: no input files
compilation terminated.
configure:12466: $? = 1
configure:12455: g++ -qversion >&5
g++: error: unrecognized command line option '-qversion'; did you mean '--version'?
g++: fatal error: no input files
compilation terminated.
configure:12466: $? = 1
configure:12470: checking whether we are using the GNU C++ compiler
configure:12489: g++ -c   conftest.cpp >&5
configure:12489: $? = 0
configure:12498: result: yes
configure:12507: checking whether g++ accepts -g
configure:12527: g++ -c -g  conftest.cpp >&5
configure:12527: $? = 0
configure:12568: result: yes
configure:12609: checking how to run the C++ preprocessor
configure:12636: g++ -E  conftest.cpp
configure:12636: $? = 0
configure:12650: g++ -E  conftest.cpp
conftest.cpp:23:10: fatal error: ac_nonexistent.h: No such file or directory
 #include <ac_nonexistent.h>
          ^~~~~~~~~~~~~~~~~~
compilation terminated.
configure:12650: $? = 1
configure: failed program was:
| /* confdefs.h */
| #define PACKAGE_NAME "elips"
| #define PACKAGE_TARNAME "elips"
| #define PACKAGE_VERSION "1.0.11"
| #define PACKAGE_STRING "elips 1.0.11"
| #define PACKAGE_BUGREPORT ""
| #define PACKAGE_URL ""
| #define STDC_HEADERS 1
| #define HAVE_SYS_TYPES_H 1
| #define HAVE_SYS_STAT_H 1
| #define HAVE_STDLIB_H 1
| #define HAVE_STRING_H 1
| #define HAVE_MEMORY_H 1
| #define HAVE_STRINGS_H 1
| #define HAVE_INTTYPES_H 1
| #define HAVE_STDINT_H 1
| #define HAVE_UNISTD_H 1
| #define HAVE_DLFCN_H 1
| #define LT_OBJDIR ".libs/"
| #define PACKAGE "elips"
| #define VERSION "1.0.11"
| /* end confdefs.h.  */
| #include <ac_nonexistent.h>
configure:12675: result: g++ -E
configure:12695: g++ -E  conftest.cpp
configure:12695: $? = 0
configure:12709: g++ -E  conftest.cpp
conftest.cpp:23:10: fatal error: ac_nonexistent.h: No such file or directory
 #include <ac_nonexistent.h>
          ^~~~~~~~~~~~~~~~~~
compilation terminated.
configure:12709: $? = 1
configure: failed program was:
| /* confdefs.h */
| #define PACKAGE_NAME "elips"
| #define PACKAGE_TARNAME "elips"
| #define PACKAGE_VERSION "1.0.11"
| #define PACKAGE_STRING "elips 1.0.11"
| #define PACKAGE_BUGREPORT ""
| #define PACKAGE_URL ""
| #define STDC_HEADERS 1
| #define HAVE_SYS_TYPES_H 1
| #define HAVE_SYS_STAT_H 1
| #define HAVE_STDLIB_H 1
| #define HAVE_STRING_H 1
| #define HAVE_MEMORY_H 1
| #define HAVE_STRINGS_H 1
| #define HAVE_INTTYPES_H 1
| #define HAVE_STDINT_H 1
| #define HAVE_UNISTD_H 1
| #define HAVE_DLFCN_H 1
| #define LT_OBJDIR ".libs/"
| #define PACKAGE "elips"
| #define VERSION "1.0.11"
| /* end confdefs.h.  */
| #include <ac_nonexistent.h>
configure:12871: checking for ld used by g++
configure:12938: result: /usr/bin/ld -m elf_x86_64
configure:12945: checking if the linker (/usr/bin/ld -m elf_x86_64) is GNU ld
configure:12960: result: yes
configure:13015: checking whether the g++ linker (/usr/bin/ld -m elf_x86_64) supports shared libraries
configure:14088: result: yes
configure:14124: g++ -c -g -O2  conftest.cpp >&5
configure:14127: $? = 0
configure:14608: checking for g++ option to produce PIC
configure:14615: result: -fPIC -DPIC
configure:14623: checking if g++ PIC flag -fPIC -DPIC works
configure:14641: g++ -c -g -O2  -fPIC -DPIC -DPIC conftest.cpp >&5
configure:14645: $? = 0
configure:14658: result: yes
configure:14681: checking if g++ static flag -static works
configure:14709: result: yes
configure:14721: checking if g++ supports -c -o file.o
configure:14742: g++ -c -g -O2  -o out/conftest2.o conftest.cpp >&5
configure:14746: $? = 0
configure:14768: result: yes
configure:14773: checking if g++ supports -c -o file.o
configure:14820: result: yes
configure:14850: checking whether the g++ linker (/usr/bin/ld -m elf_x86_64) supports shared libraries
configure:14893: result: yes
configure:15034: checking dynamic linker characteristics
configure:15791: result: GNU/Linux ld.so
configure:15856: checking how to hardcode library paths into programs
configure:15881: result: immediate
configure:15923: checking dependency style of g++
configure:16034: result: gcc3
configure:16097: checking for gcc
configure:16124: result: gcc
configure:16353: checking for C compiler version
configure:16362: gcc --version >&5
gcc (Ubuntu 7.4.0-1ubuntu1~18.04.1) 7.4.0
Copyright (C) 2017 Free Software Foundation, Inc.
This is free software; see the source for copying conditions.  There is NO
warranty; not even for MERCHANTABILITY or FITNESS FOR A PARTICULAR PURPOSE.

configure:16373: $? = 0
configure:16362: gcc -v >&5
Using built-in specs.
COLLECT_GCC=gcc
COLLECT_LTO_WRAPPER=/usr/lib/gcc/x86_64-linux-gnu/7/lto-wrapper
OFFLOAD_TARGET_NAMES=nvptx-none
OFFLOAD_TARGET_DEFAULT=1
Target: x86_64-linux-gnu
Configured with: ../src/configure -v --with-pkgversion='Ubuntu 7.4.0-1ubuntu1~18.04.1' --with-bugurl=file:///usr/share/doc/gcc-7/README.Bugs --enable-languages=c,ada,c++,go,brig,d,fortran,objc,obj-c++ --prefix=/usr --with-gcc-major-version-only --program-suffix=-7 --program-prefix=x86_64-linux-gnu- --enable-shared --enable-linker-build-id --libexecdir=/usr/lib --without-included-gettext --enable-threads=posix --libdir=/usr/lib --enable-nls --with-sysroot=/ --enable-clocale=gnu --enable-libstdcxx-debug --enable-libstdcxx-time=yes --with-default-libstdcxx-abi=new --enable-gnu-unique-object --disable-vtable-verify --enable-libmpx --enable-plugin --enable-default-pie --with-system-zlib --with-target-system-zlib --enable-objc-gc=auto --enable-multiarch --disable-werror --with-arch-32=i686 --with-abi=m64 --with-multilib-list=m32,m64,mx32 --enable-multilib --with-tune=generic --enable-offload-targets=nvptx-none --without-cuda-driver --enable-checking=release --build=x86_64-linux-gnu --host=x86_64-linux-gnu --target=x86_64-linux-gnu
Thread model: posix
gcc version 7.4.0 (Ubuntu 7.4.0-1ubuntu1~18.04.1) 
configure:16373: $? = 0
configure:16362: gcc -V >&5
gcc: error: unrecognized command line option '-V'
gcc: fatal error: no input files
compilation terminated.
configure:16373: $? = 1
configure:16362: gcc -qversion >&5
gcc: error: unrecognized command line option '-qversion'; did you mean '--version'?
gcc: fatal error: no input files
compilation terminated.
configure:16373: $? = 1
configure:16377: checking whether we are using the GNU C compiler
configure:16405: result: yes
configure:16414: checking whether gcc accepts -g
configure:16475: result: yes
configure:16492: checking for gcc option to accept ISO C89
configure:16568: result: none needed
configure:16593: checking whether gcc understands -c and -o together
configure:16630: result: yes
configure:16652: checking how to run the C preprocessor
configure:16722: result: gcc -E
configure:16742: gcc -E  conftest.c
configure:16742: $? = 0
configure:16756: gcc -E  conftest.c
conftest.c:23:10: fatal error: ac_nonexistent.h: No such file or directory
 #include <ac_nonexistent.h>
          ^~~~~~~~~~~~~~~~~~
compilation terminated.
configure:16756: $? = 1
configure: failed program was:
| /* confdefs.h */
| #define PACKAGE_NAME "elips"
| #define PACKAGE_TARNAME "elips"
| #define PACKAGE_VERSION "1.0.11"
| #define PACKAGE_STRING "elips 1.0.11"
| #define PACKAGE_BUGREPORT ""
| #define PACKAGE_URL ""
| #define STDC_HEADERS 1
| #define HAVE_SYS_TYPES_H 1
| #define HAVE_SYS_STAT_H 1
| #define HAVE_STDLIB_H 1
| #define HAVE_STRING_H 1
| #define HAVE_MEMORY_H 1
| #define HAVE_STRINGS_H 1
| #define HAVE_INTTYPES_H 1
| #define HAVE_STDINT_H 1
| #define HAVE_UNISTD_H 1
| #define HAVE_DLFCN_H 1
| #define LT_OBJDIR ".libs/"
| #define PACKAGE "elips"
| #define VERSION "1.0.11"
| /* end confdefs.h.  */
| #include <ac_nonexistent.h>
configure:16785: checking whether ln -s works
configure:16789: result: yes
configure:16796: checking whether make sets $(MAKE)
configure:16818: result: yes
configure:16832: checking for ANSI C header files
configure:16936: result: yes
configure:16947: checking for stdlib.h
configure:16947: result: yes
configure:16947: checking for string.h
configure:16947: result: yes
configure:16947: checking sys/time.h usability
configure:16947: gcc -c -g -O2  conftest.c >&5
configure:16947: $? = 0
configure:16947: result: yes
configure:16947: checking sys/time.h presence
configure:16947: gcc -E  conftest.c
configure:16947: $? = 0
configure:16947: result: yes
configure:16947: checking for sys/time.h
configure:16947: result: yes
configure:16947: checking for unistd.h
configure:16947: result: yes
configure:16959: checking for an ANSI C-conforming const
configure:17025: gcc -c -g -O2  conftest.c >&5
configure:17025: $? = 0
configure:17032: result: yes
configure:17040: checking for size_t
configure:17040: gcc -c -g -O2  conftest.c >&5
configure:17040: $? = 0
configure:17040: gcc -c -g -O2  conftest.c >&5
conftest.c: In function 'main':
conftest.c:64:21: error: expected expression before ')' token
 if (sizeof ((size_t)))
                     ^
configure:17040: $? = 1
configure: failed program was:
| /* confdefs.h */
| #define PACKAGE_NAME "elips"
| #define PACKAGE_TARNAME "elips"
| #define PACKAGE_VERSION "1.0.11"
| #define PACKAGE_STRING "elips 1.0.11"
| #define PACKAGE_BUGREPORT ""
| #define PACKAGE_URL ""
| #define STDC_HEADERS 1
| #define HAVE_SYS_TYPES_H 1
| #define HAVE_SYS_STAT_H 1
| #define HAVE_STDLIB_H 1
| #define HAVE_STRING_H 1
| #define HAVE_MEMORY_H 1
| #define HAVE_STRINGS_H 1
| #define HAVE_INTTYPES_H 1
| #define HAVE_STDINT_H 1
| #define HAVE_UNISTD_H 1
| #define HAVE_DLFCN_H 1
| #define LT_OBJDIR ".libs/"
| #define PACKAGE "elips"
| #define VERSION "1.0.11"
| #define STDC_HEADERS 1
| #define HAVE_STDLIB_H 1
| #define HAVE_STRING_H 1
| #define HAVE_SYS_TIME_H 1
| #define HAVE_UNISTD_H 1
| /* end confdefs.h.  */
| #include <stdio.h>
| #ifdef HAVE_SYS_TYPES_H
| # include <sys/types.h>
| #endif
| #ifdef HAVE_SYS_STAT_H
| # include <sys/stat.h>
| #endif
| #ifdef STDC_HEADERS
| # include <stdlib.h>
| # include <stddef.h>
| #else
| # ifdef HAVE_STDLIB_H
| #  include <stdlib.h>
| # endif
| #endif
| #ifdef HAVE_STRING_H
| # if !defined STDC_HEADERS && defined HAVE_MEMORY_H
| #  include <memory.h>
| # endif
| # include <string.h>
| #endif
| #ifdef HAVE_STRINGS_H
| # include <strings.h>
| #endif
| #ifdef HAVE_INTTYPES_H
| # include <inttypes.h>
| #endif
| #ifdef HAVE_STDINT_H
| # include <stdint.h>
| #endif
| #ifdef HAVE_UNISTD_H
| # include <unistd.h>
| #endif
| int
| main ()
| {
| if (sizeof ((size_t)))
| 	    return 0;
|   ;
|   return 0;
| }
configure:17040: result: yes
configure:17055: checking size of char
configure:17060: gcc -o conftest -g -O2   conftest.c  >&5
configure:17060: $? = 0
configure:17060: ./conftest
configure:17060: $? = 0
configure:17074: result: 1
configure:17088: checking size of short int
configure:17093: gcc -o conftest -g -O2   conftest.c  >&5
configure:17093: $? = 0
configure:17093: ./conftest
configure:17093: $? = 0
configure:17107: result: 2
configure:17121: checking size of int
configure:17126: gcc -o conftest -g -O2   conftest.c  >&5
configure:17126: $? = 0
configure:17126: ./conftest
configure:17126: $? = 0
configure:17140: result: 4
configure:17154: checking size of long
configure:17159: gcc -o conftest -g -O2   conftest.c  >&5
configure:17159: $? = 0
configure:17159: ./conftest
configure:17159: $? = 0
configure:17173: result: 8
configure:17187: checking size of long long
configure:17192: gcc -o conftest -g -O2   conftest.c  >&5
configure:17192: $? = 0
configure:17192: ./conftest
configure:17192: $? = 0
configure:17206: result: 8
configure:17220: checking for stdlib.h
configure:17220: result: yes
configure:17230: checking for GNU libc compatible malloc
configure:17254: gcc -o conftest -g -O2   conftest.c  >&5
configure:17254: $? = 0
configure:17254: ./conftest
configure:17254: $? = 0
configure:17264: result: yes
configure:17285: checking for __gmpz_add in -lgmp
configure:17310: gcc -o conftest -g -O2   conftest.c -lgmp   >&5
configure:17310: $? = 0
configure:17319: result: yes
configure:17333: checking for gettimeofday
configure:17333: gcc -o conftest -g -O2   conftest.c -lgmp  >&5
configure:17333: $? = 0
configure:17333: result: yes
configure:17333: checking for memmove
configure:17333: gcc -o conftest -g -O2   conftest.c -lgmp  >&5
conftest.c:60:6: warning: conflicting types for built-in function 'memmove' [-Wbuiltin-declaration-mismatch]
 char memmove ();
      ^~~~~~~
configure:17333: $? = 0
configure:17333: result: yes
configure:17333: checking for memset
configure:17333: gcc -o conftest -g -O2   conftest.c -lgmp  >&5
conftest.c:61:6: warning: conflicting types for built-in function 'memset' [-Wbuiltin-declaration-mismatch]
 char memset ();
      ^~~~~~
configure:17333: $? = 0
configure:17333: result: yes
configure:17333: checking for strtol
configure:17333: gcc -o conftest -g -O2   conftest.c -lgmp  >&5
configure:17333: $? = 0
configure:17333: result: yes
configure:17454: checking that generated files are newer than configure
configure:17460: result: done
configure:17487: creating ./config.status

## ---------------------- ##
## Running config.status. ##
## ---------------------- ##

This file was extended by elips config.status 1.0.11, which was
generated by GNU Autoconf 2.69.  Invocation command line was

  CONFIG_FILES    = 
  CONFIG_HEADERS  = 
  CONFIG_LINKS    = 
  CONFIG_COMMANDS = 
  $ ./config.status 

on DESKTOP-3BB5V5M

config.status:1166: creating Makefile
config.status:1166: creating src/Makefile
config.status:1166: creating src/bls12/Makefile
config.status:1166: creating config.h
config.status:1347: config.h is unchanged
config.status:1395: executing libtool commands
config.status:1395: executing depfiles commands

## ---------------- ##
## Cache variables. ##
## ---------------- ##

ac_cv_build=x86_64-pc-linux-gnu
ac_cv_c_compiler_gnu=yes
ac_cv_c_const=yes
ac_cv_cxx_compiler_gnu=yes
ac_cv_env_CCC_set=
ac_cv_env_CCC_value=
ac_cv_env_CC_set=
ac_cv_env_CC_value=
ac_cv_env_CFLAGS_set=
ac_cv_env_CFLAGS_value=
ac_cv_env_CPPFLAGS_set=
ac_cv_env_CPPFLAGS_value=
ac_cv_env_CPP_set=
ac_cv_env_CPP_value=
ac_cv_env_CXXCPP_set=
ac_cv_env_CXXCPP_value=
ac_cv_env_CXXFLAGS_set=
ac_cv_env_CXXFLAGS_value=
ac_cv_env_CXX_set=
ac_cv_env_CXX_value=
ac_cv_env_LDFLAGS_set=
ac_cv_env_LDFLAGS_value=
ac_cv_env_LIBS_set=
ac_cv_env_LIBS_value=
ac_cv_env_LT_SYS_LIBRARY_PATH_set=
ac_cv_env_LT_SYS_LIBRARY_PATH_value=
ac_cv_env_build_alias_set=
ac_cv_env_build_alias_value=
ac_cv_env_host_alias_set=
ac_cv_env_host_alias_value=
ac_cv_env_target_alias_set=
ac_cv_env_target_alias_value=
ac_cv_func_gettimeofday=yes
ac_cv_func_malloc_0_nonnull=yes
ac_cv_func_memmove=yes
ac_cv_func_memset=yes
ac_cv_func_strtol=yes
ac_cv_header_dlfcn_h=yes
ac_cv_header_inttypes_h=yes
ac_cv_header_memory_h=yes
ac_cv_header_stdc=yes
ac_cv_header_stdint_h=yes
ac_cv_header_stdlib_h=yes
ac_cv_header_string_h=yes
ac_cv_header_strings_h=yes
ac_cv_header_sys_stat_h=yes
ac_cv_header_sys_time_h=yes
ac_cv_header_sys_types_h=yes
ac_cv_header_unistd_h=yes
ac_cv_host=x86_64-pc-linux-gnu
ac_cv_lib_gmp___gmpz_add=yes
ac_cv_objext=o
ac_cv_path_EGREP='/bin/grep -E'
ac_cv_path_FGREP='/bin/grep -F'
ac_cv_path_GREP=/bin/grep
ac_cv_path_SED=/bin/sed
ac_cv_path_install='/usr/bin/install -c'
ac_cv_path_lt_DD=/bin/dd
ac_cv_path_mkdir=/bin/mkdir
ac_cv_prog_AWK=gawk
ac_cv_prog_CPP='gcc -E'
ac_cv_prog_CXXCPP='g++ -E'
ac_cv_prog_ac_ct_AR=ar
ac_cv_prog_ac_ct_CC=gcc
ac_cv_prog_ac_ct_CXX=g++
ac_cv_prog_ac_ct_MANIFEST_TOOL=mt
ac_cv_prog_ac_ct_OBJDUMP=objdump
ac_cv_prog_ac_ct_RANLIB=ranlib
ac_cv_prog_ac_ct_STRIP=strip
ac_cv_prog_cc_c89=
ac_cv_prog_cc_g=yes
ac_cv_prog_cxx_g=yes
ac_cv_prog_make_make_set=yes
ac_cv_sizeof_char=1
ac_cv_sizeof_int=4
ac_cv_sizeof_long=8
ac_cv_sizeof_long_long=8
ac_cv_sizeof_short_int=2
ac_cv_type_size_t=yes
am_cv_CC_dependencies_compiler_type=gcc3
am_cv_CXX_dependencies_compiler_type=gcc3
am_cv_make_support_nested_variables=yes
am_cv_prog_cc_c_o=yes
lt_cv_ar_at_file=@
lt_cv_archive_cmds_need_lc=no
lt_cv_deplibs_check_method=pass_all
lt_cv_file_magic_cmd='$MAGIC_CMD'
lt_cv_file_magic_test_file=
lt_cv_ld_reload_flag=-r
lt_cv_nm_interface='BSD nm'
lt_cv_objdir=.libs
lt_cv_path_LD=/usr/bin/ld
lt_cv_path_LDCXX='/usr/bin/ld -m elf_x86_64'
lt_cv_path_NM='/usr/bin/nm -B'
lt_cv_path_mainfest_tool=no
lt_cv_prog_compiler_c_o=yes
lt_cv_prog_compiler_c_o_CXX=yes
lt_cv_prog_compiler_pic='-fPIC -DPIC'
lt_cv_prog_compiler_pic_CXX='-fPIC -DPIC'
lt_cv_prog_compiler_pic_works=yes
lt_cv_prog_compiler_pic_works_CXX=yes
lt_cv_prog_compiler_rtti_exceptions=no
lt_cv_prog_compiler_static_works=yes
lt_cv_prog_compiler_static_works_CXX=yes
lt_cv_prog_gnu_ld=yes
lt_cv_prog_gnu_ldcxx=yes
lt_cv_sharedlib_from_linklib_cmd='printf %s\n'
lt_cv_shlibpath_overrides_runpath=yes
lt_cv_sys_global_symbol_pipe='sed -n -e '\''s/^.*[	 ]\([ABCDGIRSTW][ABCDGIRSTW]*\)[	 ][	 ]*\([_A-Za-z][_A-Za-z0-9]*\)$/\1 \2 \2/p'\'' | sed '\''/ __gnu_lto/d'\'''
lt_cv_sys_global_symbol_to_c_name_address='sed -n -e '\''s/^: \(.*\) .*$/  {"\1", (void *) 0},/p'\'' -e '\''s/^[ABCDGIRSTW][ABCDGIRSTW]* .* \(.*\)$/  {"\1", (void *) \&\1},/p'\'''
lt_cv_sys_global_symbol_to_c_name_address_lib_prefix='sed -n -e '\''s/^: \(.*\) .*$/  {"\1", (void *) 0},/p'\'' -e '\''s/^[ABCDGIRSTW][ABCDGIRSTW]* .* \(lib.*\)$/  {"\1", (void *) \&\1},/p'\'' -e '\''s/^[ABCDGIRSTW][ABCDGIRSTW]* .* \(.*\)$/  {"lib\1", (void *) \&\1},/p'\'''
lt_cv_sys_global_symbol_to_cdecl='sed -n -e '\''s/^T .* \(.*\)$/extern int \1();/p'\'' -e '\''s/^[ABCDGIRSTW][ABCDGIRSTW]* .* \(.*\)$/extern char \1;/p'\'''
lt_cv_sys_global_symbol_to_import=
lt_cv_sys_max_cmd_len=1572864
lt_cv_to_host_file_cmd=func_convert_file_noop
lt_cv_to_tool_file_cmd=func_convert_file_noop
lt_cv_truncate_bin='/bin/dd bs=4096 count=1'

## ----------------- ##
## Output variables. ##
## ----------------- ##

ACLOCAL='${SHELL} "/mnt/c/Users/daichi hattori/workspace/ELiPS256/missing" aclocal-1.15'
AMDEPBACKSLASH='\'
AMDEP_FALSE='#'
AMDEP_TRUE=''
AMTAR='$${TAR-tar}'
AM_BACKSLASH='\'
AM_DEFAULT_V='$(AM_DEFAULT_VERBOSITY)'
AM_DEFAULT_VERBOSITY='1'
AM_V='$(V)'
AR='ar'
AUTOCONF='${SHELL} "/mnt/c/Users/daichi hattori/workspace/ELiPS256/missing" autoconf'
AUTOHEADER='${SHELL} "/mnt/c/Users/daichi hattori/workspace/ELiPS256/missing" autoheader'
AUTOMAKE='${SHELL} "/mnt/c/Users/daichi hattori/workspace/ELiPS256/missing" automake-1.15'
AWK='gawk'
CC='gcc'
CCDEPMODE='depmode=gcc3'
CFLAGS='-g -O2'
CPP='gcc -E'
CPPFLAGS=''
CXX='g++'
CXXCPP='g++ -E'
CXXDEPMODE='depmode=gcc3'
CXXFLAGS='-g -O2'
CYGPATH_W='echo'
DEFS='-DHAVE_CONFIG_H'
DEPDIR='.deps'
DLLTOOL='false'
DSYMUTIL=''
DUMPBIN=''
ECHO_C=''
ECHO_N='-n'
ECHO_T=''
EGREP='/bin/grep -E'
EXEEXT=''
FGREP='/bin/grep -F'
GREP='/bin/grep'
INSTALL_DATA='${INSTALL} -m 644'
INSTALL_PROGRAM='${INSTALL}'
INSTALL_SCRIPT='${INSTALL}'
INSTALL_STRIP_PROGRAM='$(install_sh) -c -s'
LD='/usr/bin/ld -m elf_x86_64'
LDFLAGS=''
LIBOBJS=''
LIBS='-lgmp '
LIBTOOL='$(SHELL) $(top_builddir)/libtool'
LIPO=''
LN_S='ln -s'
LTLIBOBJS=''
LT_SYS_LIBRARY_PATH=''
MAKEINFO='${SHELL} "/mnt/c/Users/daichi hattori/workspace/ELiPS256/missing" makeinfo'
MANIFEST_TOOL=':'
MKDIR_P='/bin/mkdir -p'
NM='/usr/bin/nm -B'
NMEDIT=''
OBJDUMP='objdump'
OBJEXT='o'
OTOOL64=''
OTOOL=''
PACKAGE='elips'
PACKAGE_BUGREPORT=''
PACKAGE_NAME='elips'
PACKAGE_STRING='elips 1.0.11'
PACKAGE_TARNAME='elips'
PACKAGE_URL=''
PACKAGE_VERSION='1.0.11'
PATH_SEPARATOR=':'
RANLIB='ranlib'
SED='/bin/sed'
SET_MAKE=''
SHELL='/bin/bash'
STRIP='strip'
VERSION='1.0.11'
ac_ct_AR='ar'
ac_ct_CC='gcc'
ac_ct_CXX='g++'
ac_ct_DUMPBIN=''
am__EXEEXT_FALSE=''
am__EXEEXT_TRUE='#'
am__fastdepCC_FALSE='#'
am__fastdepCC_TRUE=''
am__fastdepCXX_FALSE='#'
am__fastdepCXX_TRUE=''
am__include='include'
am__isrc=''
am__leading_dot='.'
am__nodep='_no'
am__quote=''
am__tar='$${TAR-tar} chof - "$$tardir"'
am__untar='$${TAR-tar} xf -'
bindir='${exec_prefix}/bin'
build='x86_64-pc-linux-gnu'
build_alias=''
build_cpu='x86_64'
build_os='linux-gnu'
build_vendor='pc'
datadir='${datarootdir}'
datarootdir='${prefix}/share'
docdir='${datarootdir}/doc/${PACKAGE_TARNAME}'
dvidir='${docdir}'
exec_prefix='${prefix}'
host='x86_64-pc-linux-gnu'
host_alias=''
host_cpu='x86_64'
host_os='linux-gnu'
host_vendor='pc'
htmldir='${docdir}'
includedir='${prefix}/include'
infodir='${datarootdir}/info'
install_sh='${SHELL} '\''/mnt/c/Users/daichi hattori/workspace/ELiPS256/install-sh'\'''
libdir='${exec_prefix}/lib'
libexecdir='${exec_prefix}/libexec'
localedir='${datarootdir}/locale'
localstatedir='${prefix}/var'
mandir='${datarootdir}/man'
mkdir_p='$(MKDIR_P)'
oldincludedir='/usr/include'
pdfdir='${docdir}'
prefix='/usr/local'
program_transform_name='s,x,x,'
psdir='${docdir}'
runstatedir='${localstatedir}/run'
sbindir='${exec_prefix}/sbin'
sharedstatedir='${prefix}/com'
sysconfdir='${prefix}/etc'
target_alias=''

## ----------- ##
## confdefs.h. ##
## ----------- ##

/* confdefs.h */
#define PACKAGE_NAME "elips"
#define PACKAGE_TARNAME "elips"
#define PACKAGE_VERSION "1.0.11"
#define PACKAGE_STRING "elips 1.0.11"
#define PACKAGE_BUGREPORT ""
#define PACKAGE_URL ""
#define STDC_HEADERS 1
#define HAVE_SYS_TYPES_H 1
#define HAVE_SYS_STAT_H 1
#define HAVE_STDLIB_H 1
#define HAVE_STRING_H 1
#define HAVE_MEMORY_H 1
#define HAVE_STRINGS_H 1
#define HAVE_INTTYPES_H 1
#define HAVE_STDINT_H 1
#define HAVE_UNISTD_H 1
#define HAVE_DLFCN_H 1
#define LT_OBJDIR ".libs/"
#define PACKAGE "elips"
#define VERSION "1.0.11"
#define STDC_HEADERS 1
#define HAVE_STDLIB_H 1
#define HAVE_STRING_H 1
#define HAVE_SYS_TIME_H 1
#define HAVE_UNISTD_H 1
#define SIZEOF_CHAR 1
#define SIZEOF_SHORT_INT 2
#define SIZEOF_INT 4
#define SIZEOF_LONG 8
#define SIZEOF_LONG_LONG 8
#define HAVE_STDLIB_H 1
#define HAVE_MALLOC 1
#define HAVE_LIBGMP 1
#define HAVE_GETTIMEOFDAY 1
#define HAVE_MEMMOVE 1
#define HAVE_MEMSET 1
#define HAVE_STRTOL 1

configure: exit 0

## ---------------------- ##
## Running config.status. ##
## ---------------------- ##

This file was extended by elips config.status 1.0.11, which was
generated by GNU Autoconf 2.69.  Invocation command line was

  CONFIG_FILES    = 
  CONFIG_HEADERS  = 
  CONFIG_LINKS    = 
  CONFIG_COMMANDS = 
  $ ./config.status Makefile

on DESKTOP-3BB5V5M

config.status:1166: creating Makefile
